 AXA_US_ANDESA~09/05/2018~POL_MAST_CHANGES~false
 AXA_US_BDDSP~09/05/2018~LPL_ACCT_BALANCE_ACTUALS~false
 AXA_US_BDDSP~09/05/2018~LPL_ACCT_MSTR_FULL~true
 AXA_US_BDDSP~09/05/2018~LPL_MONEYMARKET_BALANCE~false
 AXA_US_BDDSP~09/05/2018~LPL_NAR_ACCOUNT_STATUS_FULL~false
 AXA_US_BDDSP~09/05/2018~LPL_NETWORK_MUTUAL_FUNDS~false
 AXA_US_CAPS~09/05/2018~CAPS_PMR_LIFE_ACCOUNT~false
 AXA_US_CAPS~09/05/2018~CAPS_PMR_LIFE_ACCOUNT_LAPSE~false
 AXA_US_CAPS~09/05/2018~CAPS_PMR_MASTER~false
 AXA_US_CAPS~09/05/2018~CAPS_PMR_NON_LIFE_ACCOUNT~false
 AXA_US_CAPS~09/05/2018~CAPS_PMR_TRANSACTION~false
 AXA_US_FINANCIAL~09/05/2018~WMA_BANKX~false
 AXA_US_IDB~09/05/2018~IDB_DVR_POLICY~false
 AXA_US_IDB~09/05/2018~IDB_GEADSR1_POL~false
 AXA_US_IDB~09/05/2018~IDB_GECAPR1_POL~false
 AXA_US_IDB~09/05/2018~IDB_GEL70R1_POL~false
 AXA_US_IDB~09/05/2018~IDB_GELFCR1_POL~false
 AXA_US_IDB~09/05/2018~IDB_GEUSFR1_POL~false
 AXA_US_LIFE70~09/05/2018~LIFE70_PMR_BASIC_BENEFIT~false
 AXA_US_LIFE70~09/05/2018~LIFE70_PMR_CONTROL_SECTION~false
 AXA_US_LIFE70~09/05/2018~LIFE70_PMR_CONTROL_SECTION_ARC~false
 AXA_US_LIFE70~09/05/2018~LIFE70_PMR_GENERAL_MESSAGE~false
 AXA_US_LIFE70~09/05/2018~LIFE70_PMR_IDA_ANNIVERSARY~false
 AXA_US_LIFE70~09/05/2018~LIFE70_PMR_NAME_ADDR_TRAILER~false
 AXA_US_LIFE70~09/05/2018~LIFE70_PMR_NAME_ADDR_TRAILER_ARC~false
 AXA_US_LIFE70~09/05/2018~LIFE70_PMR_POLICY_LOANS~false
 AXA_US_LIFE70~09/05/2018~LIFE70_PMR_UNIVERSAL_LIFE_AGENT_COMPENSATION~false
 AXA_US_LIFECOMM~09/05/2018~LIFECOMM_PMR_MASTER~false
 AXA_US_LIFECOMM~09/05/2018~LIFECOMM_PMR_SUSPENSE~false
 AXA_US_LIFECOMM~09/05/2018~LIFECOMM_PMR_SUSPENSE_ARC~false
 AXA_US_LIFECOMM~09/05/2018~LIFECOMM_PMR_VARIABLE_LIFE~false
 AXA_US_MDM~09/05/2018~MDM_RECONCILIATION~false
 AXA_US_MDM~09/05/2018~MV_CONTRACTROLE~false
 AXA_US_MDM~09/05/2018~MV_CONTRACT~false
 AXA_US_MDM~09/05/2018~MV_CONTRACTROLE_CHANGES~false
 AXA_US_MDM~09/05/2018~MV_CONTRACT_CHANGES~false
 AXA_US_MDM~09/05/2018~MV_CONTRACT_INFO~false
 AXA_US_MLICA~09/05/2018~APPCTRL~false
 AXA_US_MLICA~09/05/2018~CASBENE~false
 AXA_US_MLICA~09/05/2018~CASCNTRM~false
 AXA_US_MLICA~09/05/2018~CASMWAGT~false
 AXA_US_MLICA~09/05/2018~CLMPOLCY~false
 AXA_US_MLICA~09/05/2018~CMSUSREL~false
 AXA_US_MLICA~09/05/2018~LOANMSTR~false
 AXA_US_MLICA~09/05/2018~NTLCTRL~false
 AXA_US_PARIS~09/05/2018~PARIS_POL_CUST_GENERIC~false
 AXA_US_PARIS~09/05/2018~PARIS_POL_CUST_TRAN_BT~false
 AXA_US_PARIS~09/05/2018~PARIS_POL_CUST_TRAN_PF~false
 AXA_US_PARIS~09/05/2018~PARIS_POL_CUST_TRAN_PH~false
 AXA_US_PARIS~09/05/2018~PARIS_POL_EVALUATION~false
 AXA_US_PARIS~09/05/2018~PARIS_POL_TRAN~false
 AXA_US_USFL~09/05/2018~APPCTRL~false
 AXA_US_USFL~09/05/2018~CASBENE~false
 AXA_US_USFL~09/05/2018~CASCNTRM~false
 AXA_US_USFL~09/05/2018~CLMPOLCY~false
 AXA_US_USFL~09/05/2018~CMSCLNTM~false
 AXA_US_USFL~09/05/2018~CMSUSREL~false
 AXA_US_USFL~09/05/2018~LOANMSTR~false
 AXA_US_USFL~09/05/2018~NBSPCNTR~false
 AXA_US_USFL~09/05/2018~NTLCTRL~false
 AXA_US_VANTAGE~09/05/2018~IMG_BILL_CHG_TRX_CURRENT_INFO~true
 AXA_US_VANTAGE~09/05/2018~IMG_EXPIRY_INTERNAL_REBALANCE_TRANSFER_FUND_INFO~false
 AXA_US_VANTAGE~09/05/2018~IMG_PAYMENT_TYPE_LOAN~false
 AXA_US_VANTAGE~09/05/2018~IMG_PAYMENT_TYPE_TRX~false
 AXA_US_VANTAGE~09/05/2018~IMG_POLICY_MAST~false
 AXA_US_WMA~09/05/2018~CONTF~false
 AXA_US_WMA~09/05/2018~LOANF~false
 AXA_US_WMA~09/05/2018~MAXXF~false
 AXA_US_WMA~09/05/2018~ROLES_INFO~false
 AXA_US_WMA~09/05/2018~NAMEX~false
 AXA_US_AIDB~09/05/2018~AIDB_ORG ~false
 AXA_US_AIDB~09/05/2018~AIDB_ORG_MEMBER ~false
 AXA_US_SRS~09/05/2018~PURPOSE_OF_INV_TYPE ~false
 AXA_US_SRS~09/05/2018~RCOM_PRODUCT~true
 AXA_US_SRS~09/05/2018~RECOMMENDATION~true
 AXA_US_SRS~09/05/2018~RCOM_SOF_RULE ~false
 AXA_US_SRS~09/05/2018~FUND_SRC_TYPE ~false
 AXA_US_AXN~09/05/2018~CLIENTINFO~true
 AXA_US_AXN~09/05/2018~POLICY_AXN~false
 AXA_US_AXN~09/05/2018~CARRIER~true
 AXA_US_MDM~09/05/2018~MV_ADDRESS~false
 AXA_US_MDM~09/05/2018~MV_CONTACTMETHOD~false
 AXA_US_MDM~09/05/2018~MV_CONTEQUIV~false
 AXA_US_MDM~09/05/2018~MV_IDENTIFIER~false
 AXA_US_MDM~09/05/2018~MV_LOCATIONGROUP~false
 AXA_US_MDM~09/05/2018~MV_ORGNAME~false
 AXA_US_MDM~09/05/2018~MV_ORG~false
 AXA_US_MDM~09/05/2018~MV_PERSONNAME~false
 AXA_US_MDM~09/05/2018~MV_PERSON~false
 AXA_US_MDM~09/05/2018~MV_ADDRESS_CHANGES~false
 AXA_US_MDM~09/05/2018~MV_CONTACTMETHOD_CHANGES~false
 AXA_US_MDM~09/05/2018~MV_IDENTIFIER_CHANGES~false
 AXA_US_MDM~09/05/2018~MV_LOCATIONGROUP_CHANGES~false
 AXA_US_MDM~09/05/2018~MV_ORGNAME_CHANGES~false
 AXA_US_MDM~09/05/2018~MV_ORG_CHANGES~false
 AXA_US_MDM~09/05/2018~MV_PERSONNAME_CHANGES~false
 AXA_US_MDM~09/05/2018~MV_PERSON_CHANGES~false
 AXA_US_SRS~09/05/2018~CLIENT_SUMMARY~true
 AXA_US_SRS~09/05/2018~SALE_AGENT_RULE~true
 AXA_US_MLICA~09/05/2018~CMSCLNAD~false
 AXA_US_MLICA~09/05/2018~CMSCLNTM~false
 AXA_US_MDM~09/05/2018~MV_PARTY_INFO~false
 AXA_US_ASAMS~09/05/2018~BRIDGER_REC_STATE_AUDIT_ITEM~false
 AXA_US_ASAMS~09/05/2018~BRIDGER_RESULT_RECORD_DETAILS~false
 AXA_US_ASAMS~09/05/2018~BRIDGER_RR_DETAIL_INPUT_ID~false
 AXA_US_AIDB~09/05/2018~AIDB_AGENT_NAME_ADDRESS~false
 AXA_US_AIDB~09/05/2018~AIDB_AGENTDTL~false
 AXA_US_AIDB~09/05/2018~AIDB_CONTRACT_HISTORY~false
 AXA_US_AIDB~09/05/2018~AIDB_DISTRIBUTOR_ID_HUB~false
 AXA_US_AIDB~09/05/2018~AIDB_ORG~false
 AXA_US_AIDB~09/05/2018~AIDB_ORG_MEMBER~false
 AXA_US_MDM~09/05/2018~MV_AGENT~false
 AXA_US_MDM~09/05/2018~MV_AGENT_CHANGES~false
